[0m14:05:49.657088 [debug] [MainThread]: Sending event: {'category': 'dbt', 'action': 'invocation', 'label': 'start', 'context': [<snowplow_tracker.self_describing_json.SelfDescribingJson object at 0x109b6f790>, <snowplow_tracker.self_describing_json.SelfDescribingJson object at 0x109ba8190>, <snowplow_tracker.self_describing_json.SelfDescribingJson object at 0x109ba8c10>]}


============================== 14:05:49.660378 | f0d04706-4579-46cc-b0f5-34126b5ef29d ==============================
[0m14:05:49.660378 [info ] [MainThread]: Running with dbt=1.10.2
[0m14:05:49.660740 [debug] [MainThread]: running dbt with arguments {'printer_width': '80', 'indirect_selection': 'eager', 'write_json': 'True', 'log_cache_events': 'False', 'partial_parse': 'True', 'cache_selected_only': 'False', 'profiles_dir': '/Users/williamlim/.dbt', 'version_check': 'True', 'fail_fast': 'False', 'log_path': 'logs', 'debug': 'False', 'warn_error': 'None', 'use_colors': 'True', 'use_experimental_parser': 'False', 'no_print': 'None', 'quiet': 'False', 'empty': 'None', 'log_format': 'default', 'static_parser': 'True', 'introspect': 'True', 'invocation_command': 'dbt init', 'target_path': 'None', 'warn_error_options': 'WarnErrorOptionsV2(error=[], warn=[], silence=[])', 'send_anonymous_usage_stats': 'True'}
[0m14:05:49.670336 [info ] [MainThread]: Creating dbt configuration folder at /Users/williamlim/.dbt
[0m14:05:59.921736 [debug] [MainThread]: Starter project path: /Users/williamlim/anaconda3/envs/dbt-base/lib/python3.11/site-packages/dbt/include/starter_project
[0m14:05:59.931375 [info ] [MainThread]: 
Your new dbt project "postgres" was created!

For more information on how to configure the profiles.yml file,
please consult the dbt documentation here:

  https://docs.getdbt.com/docs/configure-your-profile

One more thing:

Need help? Don't hesitate to reach out to us via GitHub issues or on Slack:

  https://community.getdbt.com/

Happy modeling!

[0m14:05:59.931936 [info ] [MainThread]: Setting up your profile.
[0m14:06:54.151880 [info ] [MainThread]: Profile postgres written to /Users/williamlim/.dbt/profiles.yml using target's profile_template.yml and your supplied values. Run 'dbt debug' to validate the connection.
[0m14:06:54.438157 [debug] [MainThread]: Resource report: {"command_name": "init", "command_success": true, "command_wall_clock_time": 64.8334, "process_in_blocks": "0", "process_kernel_time": 0.225543, "process_mem_max_rss": "118030336", "process_out_blocks": "0", "process_user_time": 0.80758}
[0m14:06:54.439262 [debug] [MainThread]: Command `dbt init` succeeded at 14:06:54.439114 after 64.83 seconds
[0m14:06:54.439852 [debug] [MainThread]: Sending event: {'category': 'dbt', 'action': 'invocation', 'label': 'end', 'context': [<snowplow_tracker.self_describing_json.SelfDescribingJson object at 0x10943c8d0>, <snowplow_tracker.self_describing_json.SelfDescribingJson object at 0x109b6ee90>, <snowplow_tracker.self_describing_json.SelfDescribingJson object at 0x102bea310>]}
[0m14:06:54.440395 [debug] [MainThread]: Flushing usage events
[0m14:06:56.147042 [debug] [MainThread]: An error was encountered while trying to flush usage events
[0m14:11:23.906684 [debug] [MainThread]: Sending event: {'category': 'dbt', 'action': 'invocation', 'label': 'start', 'context': [<snowplow_tracker.self_describing_json.SelfDescribingJson object at 0x10539a950>, <snowplow_tracker.self_describing_json.SelfDescribingJson object at 0x10543c490>, <snowplow_tracker.self_describing_json.SelfDescribingJson object at 0x10543d010>]}


============================== 14:11:23.909050 | 3231c90b-0086-4aa7-a04e-137499b1b7a9 ==============================
[0m14:11:23.909050 [info ] [MainThread]: Running with dbt=1.10.2
[0m14:11:23.909338 [debug] [MainThread]: running dbt with arguments {'printer_width': '80', 'indirect_selection': 'eager', 'write_json': 'True', 'log_cache_events': 'False', 'partial_parse': 'True', 'cache_selected_only': 'False', 'profiles_dir': '/Users/williamlim/.dbt', 'debug': 'False', 'version_check': 'True', 'log_path': 'logs', 'warn_error': 'None', 'fail_fast': 'False', 'use_colors': 'True', 'use_experimental_parser': 'False', 'empty': 'None', 'quiet': 'False', 'no_print': 'None', 'log_format': 'default', 'introspect': 'True', 'invocation_command': 'dbt debug', 'warn_error_options': 'WarnErrorOptionsV2(error=[], warn=[], silence=[])', 'target_path': 'None', 'static_parser': 'True', 'send_anonymous_usage_stats': 'True'}
[0m14:11:23.916764 [info ] [MainThread]: dbt version: 1.10.2
[0m14:11:23.916960 [info ] [MainThread]: python version: 3.11.13
[0m14:11:23.917113 [info ] [MainThread]: python path: /Users/williamlim/anaconda3/envs/dbt-base/bin/python3.11
[0m14:11:23.917243 [info ] [MainThread]: os info: macOS-15.5-arm64-arm-64bit
[0m14:11:23.950869 [info ] [MainThread]: Using profiles dir at /Users/williamlim/.dbt
[0m14:11:23.951073 [info ] [MainThread]: Using profiles.yml file at /Users/williamlim/.dbt/profiles.yml
[0m14:11:23.951207 [info ] [MainThread]: Using dbt_project.yml file at /Users/williamlim/dev/canstar/dbt_project.yml
[0m14:11:23.951433 [info ] [MainThread]: adapter type: postgres
[0m14:11:23.951557 [info ] [MainThread]: adapter version: 1.9.0
[0m14:11:23.951681 [info ] [MainThread]: Configuration:
[0m14:11:23.951795 [info ] [MainThread]:   profiles.yml file [[32mOK found and valid[0m]
[0m14:11:23.951910 [info ] [MainThread]:   dbt_project.yml file [[31mERROR not found[0m]
[0m14:11:23.952018 [info ] [MainThread]: Required dependencies:
[0m14:11:23.952154 [debug] [MainThread]: Executing "git --help"
[0m14:11:23.957875 [debug] [MainThread]: STDOUT: "b"usage: git [-v | --version] [-h | --help] [-C <path>] [-c <name>=<value>]\n           [--exec-path[=<path>]] [--html-path] [--man-path] [--info-path]\n           [-p | --paginate | -P | --no-pager] [--no-replace-objects] [--no-lazy-fetch]\n           [--no-optional-locks] [--no-advice] [--bare] [--git-dir=<path>]\n           [--work-tree=<path>] [--namespace=<name>] [--config-env=<name>=<envvar>]\n           <command> [<args>]\n\nThese are common Git commands used in various situations:\n\nstart a working area (see also: git help tutorial)\n   clone     Clone a repository into a new directory\n   init      Create an empty Git repository or reinitialize an existing one\n\nwork on the current change (see also: git help everyday)\n   add       Add file contents to the index\n   mv        Move or rename a file, a directory, or a symlink\n   restore   Restore working tree files\n   rm        Remove files from the working tree and from the index\n\nexamine the history and state (see also: git help revisions)\n   bisect    Use binary search to find the commit that introduced a bug\n   diff      Show changes between commits, commit and working tree, etc\n   grep      Print lines matching a pattern\n   log       Show commit logs\n   show      Show various types of objects\n   status    Show the working tree status\n\ngrow, mark and tweak your common history\n   branch    List, create, or delete branches\n   commit    Record changes to the repository\n   merge     Join two or more development histories together\n   rebase    Reapply commits on top of another base tip\n   reset     Reset current HEAD to the specified state\n   switch    Switch branches\n   tag       Create, list, delete or verify a tag object signed with GPG\n\ncollaborate (see also: git help workflows)\n   fetch     Download objects and refs from another repository\n   pull      Fetch from and integrate with another repository or a local branch\n   push      Update remote refs along with associated objects\n\n'git help -a' and 'git help -g' list available subcommands and some\nconcept guides. See 'git help <command>' or 'git help <concept>'\nto read about a specific subcommand or concept.\nSee 'git help git' for an overview of the system.\n""
[0m14:11:23.958237 [debug] [MainThread]: STDERR: "b''"
[0m14:11:23.958391 [info ] [MainThread]:  - git [[32mOK found[0m]

[0m14:11:23.958537 [info ] [MainThread]: Connection:
[0m14:11:23.958684 [info ] [MainThread]:   host: localhost
[0m14:11:23.958797 [info ] [MainThread]:   port: 5432
[0m14:11:23.958918 [info ] [MainThread]:   user: postgres
[0m14:11:23.959028 [info ] [MainThread]:   database: dbt-demo
[0m14:11:23.959305 [info ] [MainThread]:   schema: staging
[0m14:11:23.959417 [info ] [MainThread]:   connect_timeout: 10
[0m14:11:23.959527 [info ] [MainThread]:   role: None
[0m14:11:23.959639 [info ] [MainThread]:   search_path: None
[0m14:11:23.959751 [info ] [MainThread]:   keepalives_idle: 0
[0m14:11:23.959860 [info ] [MainThread]:   sslmode: None
[0m14:11:23.959971 [info ] [MainThread]:   sslcert: None
[0m14:11:23.960078 [info ] [MainThread]:   sslkey: None
[0m14:11:23.960187 [info ] [MainThread]:   sslrootcert: None
[0m14:11:23.960304 [info ] [MainThread]:   application_name: dbt
[0m14:11:23.960412 [info ] [MainThread]:   retries: 1
[0m14:11:23.960639 [info ] [MainThread]: Registered adapter: postgres=1.9.0
[0m14:11:24.333468 [debug] [MainThread]: Acquiring new postgres connection 'debug'
[0m14:11:24.365566 [debug] [MainThread]: Using postgres connection "debug"
[0m14:11:24.365742 [debug] [MainThread]: On debug: select 1 as id
[0m14:11:24.365887 [debug] [MainThread]: Opening a new connection, currently in state init
[0m14:11:24.381950 [debug] [MainThread]: SQL status: SELECT 1 in 0.016 seconds
[0m14:11:24.382377 [debug] [MainThread]: On debug: Close
[0m14:11:24.382554 [info ] [MainThread]:   Connection test: [[32mOK connection ok[0m]

[0m14:11:24.382708 [info ] [MainThread]: [31m1 check failed:[0m
[0m14:11:24.382834 [info ] [MainThread]: Project loading failed for the following reason:
 project path </Users/williamlim/dev/canstar/dbt_project.yml> not found

[0m14:11:24.385040 [debug] [MainThread]: Resource report: {"command_name": "debug", "command_success": false, "command_wall_clock_time": 0.5089534, "process_in_blocks": "0", "process_kernel_time": 0.173858, "process_mem_max_rss": "122519552", "process_out_blocks": "0", "process_user_time": 0.632485}
[0m14:11:24.385262 [debug] [MainThread]: Command `dbt debug` failed at 14:11:24.385222 after 0.51 seconds
[0m14:11:24.385421 [debug] [MainThread]: Connection 'debug' was properly closed.
[0m14:11:24.385579 [debug] [MainThread]: Sending event: {'category': 'dbt', 'action': 'invocation', 'label': 'end', 'context': [<snowplow_tracker.self_describing_json.SelfDescribingJson object at 0x10543cd50>, <snowplow_tracker.self_describing_json.SelfDescribingJson object at 0x10514d310>, <snowplow_tracker.self_describing_json.SelfDescribingJson object at 0x10549f710>]}
[0m14:11:24.385763 [debug] [MainThread]: Flushing usage events
[0m14:11:25.970256 [debug] [MainThread]: An error was encountered while trying to flush usage events
[0m16:15:01.538850 [debug] [MainThread]: Sending event: {'category': 'dbt', 'action': 'invocation', 'label': 'start', 'context': [<snowplow_tracker.self_describing_json.SelfDescribingJson object at 0x106ae7c10>, <snowplow_tracker.self_describing_json.SelfDescribingJson object at 0x1093a9490>, <snowplow_tracker.self_describing_json.SelfDescribingJson object at 0x1093a9fd0>]}


============================== 16:15:01.541488 | ae600223-7555-450c-803d-4e82f2935cad ==============================
[0m16:15:01.541488 [info ] [MainThread]: Running with dbt=1.10.2
[0m16:15:01.541775 [debug] [MainThread]: running dbt with arguments {'printer_width': '80', 'indirect_selection': 'eager', 'write_json': 'True', 'log_cache_events': 'False', 'partial_parse': 'True', 'cache_selected_only': 'False', 'warn_error': 'None', 'debug': 'False', 'version_check': 'True', 'log_path': 'logs', 'profiles_dir': '/Users/williamlim/.dbt', 'fail_fast': 'False', 'use_colors': 'True', 'use_experimental_parser': 'False', 'no_print': 'None', 'quiet': 'False', 'empty': 'False', 'log_format': 'default', 'static_parser': 'True', 'invocation_command': 'dbt run', 'introspect': 'True', 'target_path': 'None', 'warn_error_options': 'WarnErrorOptionsV2(error=[], warn=[], silence=[])', 'send_anonymous_usage_stats': 'True'}
[0m16:15:01.542053 [error] [MainThread]: Encountered an error:
Runtime Error
  No dbt_project.yml found at expected path /Users/williamlim/dev/canstar/dbt_project.yml
  Verify that each entry within packages.yml (and their transitive dependencies) contains a file named dbt_project.yml
  
[0m16:15:01.544065 [debug] [MainThread]: Resource report: {"command_name": "run", "command_success": false, "command_wall_clock_time": 0.036454875, "process_in_blocks": "0", "process_kernel_time": 0.14605, "process_mem_max_rss": "110182400", "process_out_blocks": "0", "process_user_time": 0.562933}
[0m16:15:01.544332 [debug] [MainThread]: Command `dbt run` failed at 16:15:01.544287 after 0.04 seconds
[0m16:15:01.544529 [debug] [MainThread]: Sending event: {'category': 'dbt', 'action': 'invocation', 'label': 'end', 'context': [<snowplow_tracker.self_describing_json.SelfDescribingJson object at 0x109388790>, <snowplow_tracker.self_describing_json.SelfDescribingJson object at 0x10535ee90>, <snowplow_tracker.self_describing_json.SelfDescribingJson object at 0x108ffcd50>]}
[0m16:15:01.544714 [debug] [MainThread]: Flushing usage events
[0m16:15:03.230068 [debug] [MainThread]: An error was encountered while trying to flush usage events
